
> docs-site@0.0.0 build
> docusaurus build

[WARNING] The `siteConfig.onBrokenMarkdownLinks` config option is deprecated and will be removed in Docusaurus v4.
Please migrate and move this option to `siteConfig.markdown.hooks.onBrokenMarkdownLinks` instead.
[INFO] [en] Creating an optimized production build...
[WARNING] The `siteConfig.onBrokenMarkdownLinks` config option is deprecated and will be removed in Docusaurus v4.
Please migrate and move this option to `siteConfig.markdown.hooks.onBrokenMarkdownLinks` instead.
[webpackbar] ℹ Compiling Client
[webpackbar] ℹ Compiling Server
[webpackbar] ✔ Server: Compiled successfully in 756.18ms
[webpackbar] ✔ Client: Compiled successfully in 799.83ms

[ERROR] Error: Unable to build website for locale en.
    at tryToBuildLocale (/Users/mj/Developer/v0-community-app-project/docs-site/node_modules/@docusaurus/core/lib/commands/build/build.js:83:15)
    at async /Users/mj/Developer/v0-community-app-project/docs-site/node_modules/@docusaurus/core/lib/commands/build/build.js:35:9
    at async mapAsyncSequential (/Users/mj/Developer/v0-community-app-project/docs-site/node_modules/@docusaurus/utils/lib/jsUtils.js:21:24)
    at async Command.build (/Users/mj/Developer/v0-community-app-project/docs-site/node_modules/@docusaurus/core/lib/commands/build/build.js:34:5)
    at async Promise.all (index 0)
    at async runCLI (/Users/mj/Developer/v0-community-app-project/docs-site/node_modules/@docusaurus/core/lib/commands/cli.js:56:5)
    at async file:///Users/mj/Developer/v0-community-app-project/docs-site/node_modules/@docusaurus/core/bin/docusaurus.mjs:44:3 {
  [cause]: Error: Docusaurus found broken links!
  
  Please check the pages of your site in the list below, and make sure you don't reference any path that does not exist.
  Note: it's possible to ignore broken links with the 'onBrokenLinks' Docusaurus configuration, and let the build pass.
  
  Exhaustive list of all broken links found:
  - Broken link on source page path = /docs/developers/documents/schema:
     -> linking to ../rio-agent/infrastructure.md (resolved as: /docs/developers/rio-agent/infrastructure.md)
  - Broken link on source page path = /docs/guides/resident/documents:
     -> linking to ../rio/chat-basics.md (resolved as: /docs/guides/rio/chat-basics.md)
  
      at throwError (/Users/mj/Developer/v0-community-app-project/docs-site/node_modules/@docusaurus/logger/lib/logger.js:80:11)
      at reportBrokenLinks (/Users/mj/Developer/v0-community-app-project/docs-site/node_modules/@docusaurus/core/lib/server/brokenLinks.js:250:47)
      at handleBrokenLinks (/Users/mj/Developer/v0-community-app-project/docs-site/node_modules/@docusaurus/core/lib/server/brokenLinks.js:282:5)
      at executeBrokenLinksCheck (/Users/mj/Developer/v0-community-app-project/docs-site/node_modules/@docusaurus/core/lib/commands/build/buildLocale.js:119:47)
      at /Users/mj/Developer/v0-community-app-project/docs-site/node_modules/@docusaurus/core/lib/commands/build/buildLocale.js:94:67
      at Object.async (/Users/mj/Developer/v0-community-app-project/docs-site/node_modules/@docusaurus/logger/lib/perfLogger.js:42:47)
      at buildLocale (/Users/mj/Developer/v0-community-app-project/docs-site/node_modules/@docusaurus/core/lib/commands/build/buildLocale.js:94:31)
      at async runBuildLocaleTask (/Users/mj/Developer/v0-community-app-project/docs-site/node_modules/@docusaurus/core/lib/commands/build/build.js:98:5)
      at async /Users/mj/Developer/v0-community-app-project/docs-site/node_modules/@docusaurus/core/lib/commands/build/build.js:79:13
      at async tryToBuildLocale (/Users/mj/Developer/v0-community-app-project/docs-site/node_modules/@docusaurus/core/lib/commands/build/build.js:75:9)
}
[INFO] Docusaurus version: 3.9.2
Node version: v23.11.0
